<?xml version="1.0" encoding="UTF-8"?>
<testsuite name="ohtu.MultiplierTest" tests="1" skipped="0" failures="0" errors="0" timestamp="2018-11-05T14:42:20" hostname="lx7-fuxi181" time="0.001">
  <properties/>
  <testcase name="kertominenToimii" classname="ohtu.MultiplierTest" time="0.001"/>
  <system-out><![CDATA[]]></system-out>
  <system-err><![CDATA[]]></system-err>
</testsuite>
